# JRE version: Java(TM) SE Runtime Environment (8.0_181-b13) (build 1.8.0_181-b13)
# Java VM: Java HotSpot(TM) 64-Bit Server VM (25.181-b13 mixed mode linux-amd64 compressed oops)
Heap:
 PSYoungGen      total 375808K, used 176246K [0x00000000d6d00000, 0x00000000ef400000, 0x0000000100000000)
  eden space 356352K, 49% used [0x00000000d6d00000,0x00000000e191d860,0x00000000ec900000)
  from space 19456K, 0% used [0x00000000ec900000,0x00000000ec900000,0x00000000edc00000)
  to   space 18944K, 0% used [0x00000000ee180000,0x00000000ee180000,0x00000000ef400000)
 ParOldGen       total 121344K, used 31250K [0x0000000084600000, 0x000000008bc80000, 0x00000000d6d00000)
  object space 121344K, 25% used [0x0000000084600000,0x00000000864848e8,0x000000008bc80000)
 Metaspace       used 60972K, capacity 63708K, committed 64000K, reserved 1105920K
  class space    used 7822K, capacity 8333K, committed 8448K, reserved 1048576K
GC Heap History (10 events):
Event: 29.410 GC heap before
{Heap before GC invocations=16 (full 3):
 PSYoungGen      total 264704K, used 13224K [0x00000000d6d00000, 0x00000000eef00000, 0x0000000100000000)
  eden space 245760K, 0% used [0x00000000d6d00000,0x00000000d6d00000,0x00000000e5d00000)
  from space 18944K, 69% used [0x00000000e5d00000,0x00000000e69ea0a0,0x00000000e6f80000)
  to   space 19456K, 0% used [0x00000000edc00000,0x00000000edc00000,0x00000000eef00000)
 ParOldGen       total 101888K, used 20054K [0x0000000084600000, 0x000000008a980000, 0x00000000d6d00000)
  object space 101888K, 19% used [0x0000000084600000,0x0000000085995b38,0x000000008a980000)
 Metaspace       used 56560K, capacity 58900K, committed 59008K, reserved 1099776K
  class space    used 7370K, capacity 7795K, committed 7808K, reserved 1048576K
Event: 29.640 GC heap after
Heap after GC invocations=16 (full 3):
 PSYoungGen      total 264704K, used 0K [0x00000000d6d00000, 0x00000000eef00000, 0x0000000100000000)
  eden space 245760K, 0% used [0x00000000d6d00000,0x00000000d6d00000,0x00000000e5d00000)
  from space 18944K, 0% used [0x00000000e5d00000,0x00000000e5d00000,0x00000000e6f80000)
  to   space 19456K, 0% used [0x00000000edc00000,0x00000000edc00000,0x00000000eef00000)
 ParOldGen       total 121344K, used 27455K [0x0000000084600000, 0x000000008bc80000, 0x00000000d6d00000)
  object space 121344K, 22% used [0x0000000084600000,0x00000000860cff78,0x000000008bc80000)
 Metaspace       used 56560K, capacity 58900K, committed 59008K, reserved 1099776K
  class space    used 7370K, capacity 7795K, committed 7808K, reserved 1048576K
}
Event: 617.624 GC heap before
{Heap before GC invocations=17 (full 3):
 PSYoungGen      total 264704K, used 89605K [0x00000000d6d00000, 0x00000000eef00000, 0x0000000100000000)
  eden space 245760K, 36% used [0x00000000d6d00000,0x00000000dc481728,0x00000000e5d00000)
  from space 18944K, 0% used [0x00000000e5d00000,0x00000000e5d00000,0x00000000e6f80000)
  to   space 19456K, 0% used [0x00000000edc00000,0x00000000edc00000,0x00000000eef00000)
 ParOldGen       total 121344K, used 27455K [0x0000000084600000, 0x000000008bc80000, 0x00000000d6d00000)
  object space 121344K, 22% used [0x0000000084600000,0x00000000860cff78,0x000000008bc80000)
 Metaspace       used 59700K, capacity 62178K, committed 62336K, reserved 1103872K
  class space    used 7775K, capacity 8215K, committed 8320K, reserved 1048576K
Event: 617.631 GC heap after
Heap after GC invocations=17 (full 3):
 PSYoungGen      total 375808K, used 4285K [0x00000000d6d00000, 0x00000000ef500000, 0x0000000100000000)
  eden space 356352K, 0% used [0x00000000d6d00000,0x00000000d6d00000,0x00000000ec900000)
  from space 19456K, 22% used [0x00000000edc00000,0x00000000ee02f6f8,0x00000000eef00000)
  to   space 19456K, 0% used [0x00000000ec900000,0x00000000ec900000,0x00000000edc00000)
 ParOldGen       total 121344K, used 27463K [0x0000000084600000, 0x000000008bc80000, 0x00000000d6d00000)
  object space 121344K, 22% used [0x0000000084600000,0x00000000860d1f78,0x000000008bc80000)
 Metaspace       used 59700K, capacity 62178K, committed 62336K, reserved 1103872K
  class space    used 7775K, capacity 8215K, committed 8320K, reserved 1048576K
}
Event: 617.631 GC heap before
{Heap before GC invocations=18 (full 4):
 PSYoungGen      total 375808K, used 4285K [0x00000000d6d00000, 0x00000000ef500000, 0x0000000100000000)
  eden space 356352K, 0% used [0x00000000d6d00000,0x00000000d6d00000,0x00000000ec900000)
  from space 19456K, 22% used [0x00000000edc00000,0x00000000ee02f6f8,0x00000000eef00000)
  to   space 19456K, 0% used [0x00000000ec900000,0x00000000ec900000,0x00000000edc00000)
 ParOldGen       total 121344K, used 27463K [0x0000000084600000, 0x000000008bc80000, 0x00000000d6d00000)
  object space 121344K, 22% used [0x0000000084600000,0x00000000860d1f78,0x000000008bc80000)
 Metaspace       used 59700K, capacity 62178K, committed 62336K, reserved 1103872K
  class space    used 7775K, capacity 8215K, committed 8320K, reserved 1048576K
Event: 618.061 GC heap after
Heap after GC invocations=18 (full 4):
 PSYoungGen      total 375808K, used 0K [0x00000000d6d00000, 0x00000000ef500000, 0x0000000100000000)
  eden space 356352K, 0% used [0x00000000d6d00000,0x00000000d6d00000,0x00000000ec900000)
  from space 19456K, 0% used [0x00000000edc00000,0x00000000edc00000,0x00000000eef00000)
  to   space 19456K, 0% used [0x00000000ec900000,0x00000000ec900000,0x00000000edc00000)
 ParOldGen       total 121344K, used 30360K [0x0000000084600000, 0x000000008bc80000, 0x00000000d6d00000)
  object space 121344K, 25% used [0x0000000084600000,0x00000000863a61a8,0x000000008bc80000)
 Metaspace       used 59700K, capacity 62178K, committed 62336K, reserved 1103872K
  class space    used 7775K, capacity 8215K, committed 8320K, reserved 1048576K
}
Event: 859.579 GC heap before
{Heap before GC invocations=19 (full 4):
 PSYoungGen      total 375808K, used 218217K [0x00000000d6d00000, 0x00000000ef500000, 0x0000000100000000)
  eden space 356352K, 61% used [0x00000000d6d00000,0x00000000e421a4b0,0x00000000ec900000)
  from space 19456K, 0% used [0x00000000edc00000,0x00000000edc00000,0x00000000eef00000)
  to   space 19456K, 0% used [0x00000000ec900000,0x00000000ec900000,0x00000000edc00000)
 ParOldGen       total 121344K, used 30360K [0x0000000084600000, 0x000000008bc80000, 0x00000000d6d00000)
  object space 121344K, 25% used [0x0000000084600000,0x00000000863a61a8,0x000000008bc80000)
 Metaspace       used 60468K, capacity 63150K, committed 63360K, reserved 1103872K
  class space    used 7806K, capacity 8286K, committed 8320K, reserved 1048576K
Event: 859.595 GC heap after
Heap after GC invocations=19 (full 4):
 PSYoungGen      total 375808K, used 3663K [0x00000000d6d00000, 0x00000000ef400000, 0x0000000100000000)
  eden space 356352K, 0% used [0x00000000d6d00000,0x00000000d6d00000,0x00000000ec900000)
  from space 19456K, 18% used [0x00000000ec900000,0x00000000ecc93ec0,0x00000000edc00000)
  to   space 18944K, 0% used [0x00000000ee180000,0x00000000ee180000,0x00000000ef400000)
 ParOldGen       total 121344K, used 30368K [0x0000000084600000, 0x000000008bc80000, 0x00000000d6d00000)
  object space 121344K, 25% used [0x0000000084600000,0x00000000863a81a8,0x000000008bc80000)
 Metaspace       used 60468K, capacity 63150K, committed 63360K, reserved 1103872K
  class space    used 7806K, capacity 8286K, committed 8320K, reserved 1048576K
}
Event: 859.595 GC heap before
{Heap before GC invocations=20 (full 5):
 PSYoungGen      total 375808K, used 3663K [0x00000000d6d00000, 0x00000000ef400000, 0x0000000100000000)
  eden space 356352K, 0% used [0x00000000d6d00000,0x00000000d6d00000,0x00000000ec900000)
  from space 19456K, 18% used [0x00000000ec900000,0x00000000ecc93ec0,0x00000000edc00000)
  to   space 18944K, 0% used [0x00000000ee180000,0x00000000ee180000,0x00000000ef400000)
 ParOldGen       total 121344K, used 30368K [0x0000000084600000, 0x000000008bc80000, 0x00000000d6d00000)
  object space 121344K, 25% used [0x0000000084600000,0x00000000863a81a8,0x000000008bc80000)
 Metaspace       used 60468K, capacity 63150K, committed 63360K, reserved 1103872K
  class space    used 7806K, capacity 8286K, committed 8320K, reserved 1048576K
Event: 859.994 GC heap after
Heap after GC invocations=20 (full 5):
 PSYoungGen      total 375808K, used 0K [0x00000000d6d00000, 0x00000000ef400000, 0x0000000100000000)
  eden space 356352K, 0% used [0x00000000d6d00000,0x00000000d6d00000,0x00000000ec900000)
  from space 19456K, 0% used [0x00000000ec900000,0x00000000ec900000,0x00000000edc00000)
  to   space 18944K, 0% used [0x00000000ee180000,0x00000000ee180000,0x00000000ef400000)
 ParOldGen       total 121344K, used 31250K [0x0000000084600000, 0x000000008bc80000, 0x00000000d6d00000)
  object space 121344K, 25% used [0x0000000084600000,0x00000000864848e8,0x000000008bc80000)
 Metaspace       used 60468K, capacity 63150K, committed 63360K, reserved 1103872K
  class space    used 7806K, capacity 8286K, committed 8320K, reserved 1048576K
}

